<?xml version="1.0" encoding="UTF-8"?>
<testsuite xmlns:xsi="http://www.w3.org/2001/XMLSchema-instance" xsi:noNamespaceSchemaLocation="https://maven.apache.org/surefire/maven-surefire-plugin/xsd/surefire-test-report.xsd" name="org.seubarriga.Tests.TestFirstPart" time="25.339" tests="5" errors="0" skipped="0" failures="0">
  <properties>
[...]
</properties>
  <testcase name="validateMessageReturnedWhenCreateAnAccountSuccessfully" classname="org.seubarriga.Tests.TestFirstPart" time="4.808"/>
  <testcase name="mustShowAllAccountsOnTheSystem" classname="org.seubarriga.Tests.TestFirstPart" time="3.733"/>
  <testcase name="validateTheErrorMessageReturnedWhenCreateAnAccountWithoutPutName" classname="org.seubarriga.Tests.TestFirstPart" time="5.007"/>
  <testcase name="validateMessageReturnedWhenChangeTheNameOfAnAccountSuccessfully" classname="org.seubarriga.Tests.TestFirstPart" time="5.264"/>
  <testcase name="validateMessageReturnedWhenDeleteAnAccountSuccessfully" classname="org.seubarriga.Tests.TestFirstPart" time="4.636"/>
</testsuite>