<?xml version="1.0" encoding="UTF-8"?>
<testsuite xmlns:xsi="http://www.w3.org/2001/XMLSchema-instance" xsi:noNamespaceSchemaLocation="https://maven.apache.org/surefire/maven-surefire-plugin/xsd/surefire-test-report.xsd" name="org.seubarriga.Tests.TestSecondPart" time="21.261" tests="4" errors="2" skipped="0" failures="0">
  <properties>
[...]
</properties>
  <testcase name="validateIfTheFinancialMovementeIsShownAtMonthlyFinancialSummary" classname="org.seubarriga.Tests.TestSecondPart" time="5.394"/>
  <testcase name="validateTheErrorsMandatoryMessageOfFilds" classname="org.seubarriga.Tests.TestSecondPart" time="5.521">
    <error message="no such window: target window already closed&#10;from unknown error: web view not found&#10;  (Session info: chrome=92.0.4515.159)&#10;Build info: version: &apos;3.4.0&apos;, revision: &apos;unknown&apos;, time: &apos;unknown&apos;&#10;System info: host: &apos;SOFTNOTE9QRVD53&apos;, ip: &apos;192.168.0.4&apos;, os.name: &apos;Windows 10&apos;, os.arch: &apos;amd64&apos;, os.version: &apos;10.0&apos;, java.version: &apos;11.0.12&apos;&#10;Driver info: org.openqa.selenium.chrome.ChromeDriver&#10;Capabilities [{networkConnectionEnabled=false, chrome={chromedriverVersion=92.0.4515.107 (87a818b10553a07434ea9e2b6dccf3cbe7895134-refs/branch-heads/4515@{#1634}), userDataDir=C:\Users\VINICI~1.SAN\AppData\Local\Temp\scoped_dir15220_437119016}, timeouts={implicit=0.0, pageLoad=300000.0, script=30000.0}, pageLoadStrategy=normal, unhandledPromptBehavior=dismiss and notify, strictFileInteractability=false, platform=ANY, proxy=Proxy(), goog:chromeOptions={debuggerAddress=localhost:56430}, webauthn:extension:credBlob=true, acceptInsecureCerts=false, browserVersion=92.0.4515.159, browserName=chrome, javascriptEnabled=true, platformName=windows, setWindowRect=true, webauthn:extension:largeBlob=true, webauthn:virtualAuthenticators=true}]&#10;Session ID: 0c0a862392771ce085cfe5c05793a621" type="org.openqa.selenium.NoSuchWindowException">org.openqa.selenium.NoSuchWindowException: 
no such window: target window already closed
from unknown error: web view not found
  (Session info: chrome=92.0.4515.159)
Build info: version: '3.4.0', revision: 'unknown', time: 'unknown'
System info: host: 'SOFTNOTE9QRVD53', ip: '192.168.0.4', os.name: 'Windows 10', os.arch: 'amd64', os.version: '10.0', java.version: '11.0.12'
Driver info: org.openqa.selenium.chrome.ChromeDriver
Capabilities [{networkConnectionEnabled=false, chrome={chromedriverVersion=92.0.4515.107 (87a818b10553a07434ea9e2b6dccf3cbe7895134-refs/branch-heads/4515@{#1634}), userDataDir=C:\Users\VINICI~1.SAN\AppData\Local\Temp\scoped_dir15220_437119016}, timeouts={implicit=0.0, pageLoad=300000.0, script=30000.0}, pageLoadStrategy=normal, unhandledPromptBehavior=dismiss and notify, strictFileInteractability=false, platform=ANY, proxy=Proxy(), goog:chromeOptions={debuggerAddress=localhost:56430}, webauthn:extension:credBlob=true, acceptInsecureCerts=false, browserVersion=92.0.4515.159, browserName=chrome, javascriptEnabled=true, platformName=windows, setWindowRect=true, webauthn:extension:largeBlob=true, webauthn:virtualAuthenticators=true}]
Session ID: 0c0a862392771ce085cfe5c05793a621
	at org.seubarriga.Tests.TestSecondPart.validateTheErrorsMandatoryMessageOfFilds(TestSecondPart.java:58)
</error>
    <system-err><![CDATA[Starting ChromeDriver 92.0.4515.107 (87a818b10553a07434ea9e2b6dccf3cbe7895134-refs/branch-heads/4515@{#1634}) on port 37059
Only local connections are allowed.
Please see https://chromedriver.chromium.org/security-considerations for suggestions on keeping ChromeDriver safe.
ChromeDriver was started successfully.
ago 19, 2021 5:47:23 PM org.openqa.selenium.remote.ProtocolHandshake createSession
INFO: Detected dialect: W3C
ago 19, 2021 5:47:27 PM org.openqa.selenium.remote.ErrorCodes toStatus
INFO: HTTP Status: '404' -> incorrect JSON status mapping for 'no such window' (400 expected)
]]></system-err>
  </testcase>
  <testcase name="validateTheMessageWhenFinancialMovementIsCreatedSuccessfully" classname="org.seubarriga.Tests.TestSecondPart" time="6.347">
    <error message="unknown error: Chrome failed to start: exited normally.&#10;  (chrome not reachable)&#10;  (The process started from chrome location C:\Program Files\Google\Chrome\Application\chrome.exe is no longer running, so ChromeDriver is assuming that Chrome has crashed.)&#10;Build info: version: &apos;3.4.0&apos;, revision: &apos;unknown&apos;, time: &apos;unknown&apos;&#10;System info: host: &apos;SOFTNOTE9QRVD53&apos;, ip: &apos;192.168.0.4&apos;, os.name: &apos;Windows 10&apos;, os.arch: &apos;amd64&apos;, os.version: &apos;10.0&apos;, java.version: &apos;11.0.12&apos;&#10;Driver info: driver.version: ChromeDriver&#10;remote stacktrace: Backtrace:&#10;	Ordinal0 [0x007B2A33+2501171]&#10;	Ordinal0 [0x0074D1C1+2085313]&#10;	Ordinal0 [0x00651FA8+1056680]&#10;	Ordinal0 [0x0066D07C+1167484]&#10;	Ordinal0 [0x0066997F+1153407]&#10;	Ordinal0 [0x0069999F+1350047]&#10;	Ordinal0 [0x0069960A+1349130]&#10;	Ordinal0 [0x0069551B+1332507]&#10;	Ordinal0 [0x00671D74+1187188]&#10;	Ordinal0 [0x00672BD9+1190873]&#10;	GetHandleVerifier [0x0092EFE6+1504438]&#10;	GetHandleVerifier [0x009DDDA5+2220661]&#10;	GetHandleVerifier [0x00835589+481881]&#10;	GetHandleVerifier [0x00834639+477961]&#10;	Ordinal0 [0x007528BD+2107581]&#10;	Ordinal0 [0x00756728+2123560]&#10;	Ordinal0 [0x00756862+2123874]&#10;	Ordinal0 [0x0075FA81+2161281]&#10;	BaseThreadInitThunk [0x7596FA29+25]&#10;	RtlGetAppContainerNamedObjectPath [0x771C7A7E+286]&#10;	RtlGetAppContainerNamedObjectPath [0x771C7A4E+238]&#10;" type="org.openqa.selenium.WebDriverException">org.openqa.selenium.WebDriverException: 
unknown error: Chrome failed to start: exited normally.
  (chrome not reachable)
  (The process started from chrome location C:\Program Files\Google\Chrome\Application\chrome.exe is no longer running, so ChromeDriver is assuming that Chrome has crashed.)
Build info: version: '3.4.0', revision: 'unknown', time: 'unknown'
System info: host: 'SOFTNOTE9QRVD53', ip: '192.168.0.4', os.name: 'Windows 10', os.arch: 'amd64', os.version: '10.0', java.version: '11.0.12'
Driver info: driver.version: ChromeDriver
remote stacktrace: Backtrace:
	Ordinal0 [0x007B2A33+2501171]
	Ordinal0 [0x0074D1C1+2085313]
	Ordinal0 [0x00651FA8+1056680]
	Ordinal0 [0x0066D07C+1167484]
	Ordinal0 [0x0066997F+1153407]
	Ordinal0 [0x0069999F+1350047]
	Ordinal0 [0x0069960A+1349130]
	Ordinal0 [0x0069551B+1332507]
	Ordinal0 [0x00671D74+1187188]
	Ordinal0 [0x00672BD9+1190873]
	GetHandleVerifier [0x0092EFE6+1504438]
	GetHandleVerifier [0x009DDDA5+2220661]
	GetHandleVerifier [0x00835589+481881]
	GetHandleVerifier [0x00834639+477961]
	Ordinal0 [0x007528BD+2107581]
	Ordinal0 [0x00756728+2123560]
	Ordinal0 [0x00756862+2123874]
	Ordinal0 [0x0075FA81+2161281]
	BaseThreadInitThunk [0x7596FA29+25]
	RtlGetAppContainerNamedObjectPath [0x771C7A7E+286]
	RtlGetAppContainerNamedObjectPath [0x771C7A4E+238]

	at org.seubarriga.Tests.TestSecondPart.setupTest(TestSecondPart.java:31)
</error>
    <system-err><![CDATA[Starting ChromeDriver 92.0.4515.107 (87a818b10553a07434ea9e2b6dccf3cbe7895134-refs/branch-heads/4515@{#1634}) on port 36019
Only local connections are allowed.
Please see https://chromedriver.chromium.org/security-considerations for suggestions on keeping ChromeDriver safe.
ChromeDriver was started successfully.
]]></system-err>
  </testcase>
  <testcase name="validateTheErrorMessageOfValueFieldMustBeOnlyNumbers" classname="org.seubarriga.Tests.TestSecondPart" time="3.996"/>
</testsuite>